<?xml version="1.0" encoding="UTF-8"?>
<!-- Generated by org.testng.reporters.JUnitReportReporter -->
<testsuite name="myPackages.loginTest" tests="8" time="17.217" ignored="0" failures="0" timestamp="09 Dec 2016 08:50:23 GMT" skipped="0" hostname="Adrians-iMac.local" errors="0">
  <testcase name="ValidUsernameWithInvalidPasswordShouldFail" time="1.826" classname="myPackages.loginTest"/>
  <testcase name="invalidEmailWithInvalidPasswordShouldFail" time="4.036" classname="myPackages.loginTest"/>
  <testcase name="validEmailWithInvalidPasswordShouldFail" time="2.034" classname="myPackages.loginTest"/>
  <testcase name="invalidUsernameAndInvalidPasswordShouldFail" time="1.851" classname="myPackages.loginTest"/>
  <testcase name="ValidEmailWithValidPasswordShouldPass" time="2.071" classname="myPackages.loginTest"/>
  <testcase name="ValidUsernameWithValidPasswordShouldPass" time="1.775" classname="myPackages.loginTest"/>
  <testcase name="invalidUsernameWithValidPassLoginShouldFail" time="1.846" classname="myPackages.loginTest"/>
  <testcase name="invalidEmailWithValidPasswordShouldFail" time="1.778" classname="myPackages.loginTest"/>
</testsuite> <!-- myPackages.loginTest -->
